<?xml version="1.0" encoding="UTF-8"?>
<!-- Generated by org.testng.reporters.JUnitXMLReporter -->
<testsuite ignored="1" hostname="LAPTOP-INOVJLH7" failures="0" tests="2" name="FreeCRM App Test Cases" time="17.534" errors="0" timestamp="2022-08-26T02:14:53 EET">
  <testcase classname="com.app.qa.tests.LoginPageTest" name="loginPageTitleTest" time="0.041"/>
  <testcase classname="com.app.qa.tests.LoginPageTest" name="crmLogoImageTest" time="0.375"/>
  <testcase classname="com.app.qa.tests.LoginPageTest" name="loginTest" time="0.0">
    <ignored/>
  </testcase> <!-- loginTest -->
</testsuite> <!-- FreeCRM App Test Cases -->
