# JRE version: Java(TM) SE Runtime Environment 18.9 (11.0.15.1+2) (build 11.0.15.1+2-LTS-10)
# Java VM: Java HotSpot(TM) 64-Bit Server VM 18.9 (11.0.15.1+2-LTS-10, mixed mode, tiered, compressed oops, g1 gc, windows-amd64)
Heap:
 garbage-first heap   total 262144K, used 23411K [0x0000000701400000, 0x0000000800000000)
  region size 1024K, 12 young (12288K), 3 survivors (3072K)
 Metaspace       used 30931K, capacity 32039K, committed 32304K, reserved 1077248K
  class space    used 3703K, capacity 4157K, committed 4224K, reserved 1048576K
GC Heap History (6 events):
Event: 0.468 GC heap before
{Heap before GC invocations=0 (full 0):
 garbage-first heap   total 262144K, used 14336K [0x0000000701400000, 0x0000000800000000)
  region size 1024K, 14 young (14336K), 0 survivors (0K)
 Metaspace       used 8634K, capacity 8776K, committed 9088K, reserved 1056768K
  class space    used 797K, capacity 838K, committed 896K, reserved 1048576K
}
Event: 0.472 GC heap after
{Heap after GC invocations=1 (full 0):
 garbage-first heap   total 262144K, used 3717K [0x0000000701400000, 0x0000000800000000)
  region size 1024K, 2 young (2048K), 2 survivors (2048K)
 Metaspace       used 8634K, capacity 8776K, committed 9088K, reserved 1056768K
  class space    used 797K, capacity 838K, committed 896K, reserved 1048576K
}
Event: 1.896 GC heap before
{Heap before GC invocations=1 (full 0):
 garbage-first heap   total 262144K, used 54917K [0x0000000701400000, 0x0000000800000000)
  region size 1024K, 53 young (54272K), 2 survivors (2048K)
 Metaspace       used 20511K, capacity 21184K, committed 21296K, reserved 1069056K
  class space    used 2335K, capacity 2653K, committed 2688K, reserved 1048576K
}
Event: 1.903 GC heap after
{Heap after GC invocations=2 (full 0):
 garbage-first heap   total 262144K, used 6859K [0x0000000701400000, 0x0000000800000000)
  region size 1024K, 6 young (6144K), 6 survivors (6144K)
 Metaspace       used 20511K, capacity 21184K, committed 21296K, reserved 1069056K
  class space    used 2335K, capacity 2653K, committed 2688K, reserved 1048576K
}
Event: 4.516 GC heap before
{Heap before GC invocations=3 (full 0):
 garbage-first heap   total 262144K, used 54987K [0x0000000701400000, 0x0000000800000000)
  region size 1024K, 48 young (49152K), 6 survivors (6144K)
 Metaspace       used 29877K, capacity 30899K, committed 31152K, reserved 1077248K
  class space    used 3562K, capacity 3969K, committed 4096K, reserved 1048576K
}
Event: 4.527 GC heap after
{Heap after GC invocations=4 (full 0):
 garbage-first heap   total 262144K, used 15219K [0x0000000701400000, 0x0000000800000000)
  region size 1024K, 3 young (3072K), 3 survivors (3072K)
 Metaspace       used 29877K, capacity 30899K, committed 31152K, reserved 1077248K
  class space    used 3562K, capacity 3969K, committed 4096K, reserved 1048576K
}

