<?xml version="1.0" encoding="UTF-8"?>
<testng-results ignored="1" total="3" passed="2" failed="0" skipped="0">
  <reporter-output>
  </reporter-output>
  <suite started-at="2022-08-26T02:14:35 EET" name="FreeCRM App Test Suite" finished-at="2022-08-26T02:14:52 EET" duration-ms="17534">
    <groups>
    </groups>
    <test started-at="2022-08-26T02:14:35 EET" name="FreeCRM App Test Cases" finished-at="2022-08-26T02:14:52 EET" duration-ms="17534">
      <class name="com.app.qa.tests.LoginPageTest">
        <test-method is-config="true" signature="SetUp()[pri:0, instance:com.app.qa.tests.LoginPageTest@117159c0]" started-at="2022-08-26T02:14:35 EET" name="SetUp" finished-at="2022-08-26T02:14:43 EET" duration-ms="7918" status="PASS">
          <reporter-output>
          </reporter-output>
        </test-method> <!-- SetUp -->
        <test-method signature="loginPageTitleTest()[pri:1, instance:com.app.qa.tests.LoginPageTest@117159c0]" started-at="2022-08-26T02:14:43 EET" name="loginPageTitleTest" finished-at="2022-08-26T02:14:43 EET" duration-ms="41" status="PASS">
          <reporter-output>
          </reporter-output>
        </test-method> <!-- loginPageTitleTest -->
        <test-method is-config="true" signature="tearDown()[pri:0, instance:com.app.qa.tests.LoginPageTest@117159c0]" started-at="2022-08-26T02:14:43 EET" name="tearDown" finished-at="2022-08-26T02:14:45 EET" duration-ms="1531" status="PASS">
          <reporter-output>
          </reporter-output>
        </test-method> <!-- tearDown -->
        <test-method is-config="true" signature="SetUp()[pri:0, instance:com.app.qa.tests.LoginPageTest@117159c0]" started-at="2022-08-26T02:14:45 EET" name="SetUp" finished-at="2022-08-26T02:14:51 EET" duration-ms="6532" status="PASS">
          <reporter-output>
          </reporter-output>
        </test-method> <!-- SetUp -->
        <test-method signature="crmLogoImageTest()[pri:2, instance:com.app.qa.tests.LoginPageTest@117159c0]" started-at="2022-08-26T02:14:51 EET" name="crmLogoImageTest" finished-at="2022-08-26T02:14:51 EET" duration-ms="375" status="PASS">
          <reporter-output>
          </reporter-output>
        </test-method> <!-- crmLogoImageTest -->
        <test-method is-config="true" signature="tearDown()[pri:0, instance:com.app.qa.tests.LoginPageTest@117159c0]" started-at="2022-08-26T02:14:51 EET" name="tearDown" finished-at="2022-08-26T02:14:52 EET" duration-ms="1046" status="PASS">
          <reporter-output>
          </reporter-output>
        </test-method> <!-- tearDown -->
      </class> <!-- com.app.qa.tests.LoginPageTest -->
    </test> <!-- FreeCRM App Test Cases -->
  </suite> <!-- FreeCRM App Test Suite -->
</testng-results>
